[debug] [2019-02-25T18:22:22.444Z] ----------------------------------------------------------------------
[debug] [2019-02-25T18:22:22.447Z] Command:       C:\Program Files\nodejs\node.exe C:\Users\Francisco\AppData\Roaming\npm\node_modules\firebase-tools\lib\bin\firebase.js serve --only hosting
[debug] [2019-02-25T18:22:22.448Z] CLI Version:   6.4.0
[debug] [2019-02-25T18:22:22.448Z] Platform:      win32
[debug] [2019-02-25T18:22:22.448Z] Node Version:  v9.11.1
[debug] [2019-02-25T18:22:22.448Z] Time:          Mon Feb 25 2019 15:22:22 GMT-0300 (Hora estándar de Argentina)
[debug] [2019-02-25T18:22:22.448Z] ----------------------------------------------------------------------
[debug] 
[debug] [2019-02-25T18:22:22.471Z] > command requires scopes: ["email","openid","https://www.googleapis.com/auth/cloudplatformprojects.readonly","https://www.googleapis.com/auth/firebase","https://www.googleapis.com/auth/cloud-platform"]
[debug] [2019-02-25T18:22:22.472Z] > authorizing via signed-in user
[debug] [2019-02-25T18:22:22.472Z] [iam] checking project angular-crud-firebase-b6b1e for permissions ["firebase.projects.get"]
[debug] [2019-02-25T18:22:22.475Z] > refreshing access token with scopes: ["email","https://www.googleapis.com/auth/cloud-platform","https://www.googleapis.com/auth/cloudplatformprojects.readonly","https://www.googleapis.com/auth/firebase","openid"]
[debug] [2019-02-25T18:22:22.476Z] >>> HTTP REQUEST POST https://www.googleapis.com/oauth2/v3/token  
 <request body omitted>
[debug] [2019-02-25T18:22:22.744Z] <<< HTTP RESPONSE 200
[debug] [2019-02-25T18:22:22.753Z] >>> HTTP REQUEST POST https://cloudresourcemanager.googleapis.com/v1/projects/angular-crud-firebase-b6b1e:testIamPermissions  

[debug] [2019-02-25T18:22:23.987Z] <<< HTTP RESPONSE 200
[debug] [2019-02-25T18:22:23.988Z] >>> HTTP REQUEST GET https://cloudresourcemanager.googleapis.com/v1/projects/angular-crud-firebase-b6b1e  
 
[debug] [2019-02-25T18:22:25.135Z] <<< HTTP RESPONSE 200
[info] 
[info] === Serving from 'C:\Users\Francisco\Documents\CURSOS\Ejemplos\Firebase\ejemplo-angular-firebase'...
[info] 
[debug] [2019-02-25T18:22:25.139Z] >>> HTTP REQUEST GET https://mobilesdk-pa.googleapis.com/v1/projects/1050970443381/clients/_:getWebAppConfig  
 
[debug] [2019-02-25T18:22:25.711Z] <<< HTTP RESPONSE 200
[info] i  hosting: Serving hosting files from: dist/ejemplo-angular-firebase
[info] +  hosting: Local server: http://localhost:5000
